<?xml version="1.0" encoding="UTF-8"?>
<coverage generated="1704456201198" clover="3.2.0">
  <project timestamp="1704456201198" name="All files">
    <metrics statements="30" coveredstatements="19" conditionals="6" coveredconditionals="2" methods="9" coveredmethods="3" elements="45" coveredelements="24" complexity="0" loc="30" ncloc="30" packages="1" files="1" classes="1"/>
    <file name="Body.js" path="/Users/kaushalchauhan/Desktop/Learning React/src/components/Body.js">
      <metrics statements="30" coveredstatements="19" conditionals="6" coveredconditionals="2" methods="9" coveredmethods="3"/>
      <line num="7" count="1" type="stmt"/>
      <line num="9" count="6" type="stmt"/>
      <line num="10" count="5" type="stmt"/>
      <line num="11" count="5" type="stmt"/>
      <line num="13" count="5" type="stmt"/>
      <line num="15" count="5" type="stmt"/>
      <line num="17" count="5" type="stmt"/>
      <line num="18" count="1" type="stmt"/>
      <line num="21" count="5" type="stmt"/>
      <line num="22" count="1" type="stmt"/>
      <line num="25" count="1" type="stmt"/>
      <line num="28" count="1" type="stmt"/>
      <line num="30" count="1" type="stmt"/>
      <line num="31" count="1" type="stmt"/>
      <line num="32" count="1" type="stmt"/>
      <line num="33" count="1" type="stmt"/>
      <line num="34" count="1" type="stmt"/>
      <line num="43" count="5" type="cond" truecount="1" falsecount="1"/>
      <line num="44" count="0" type="stmt"/>
      <line num="50" count="5" type="cond" truecount="1" falsecount="1"/>
      <line num="61" count="0" type="stmt"/>
      <line num="69" count="0" type="stmt"/>
      <line num="70" count="0" type="stmt"/>
      <line num="71" count="0" type="stmt"/>
      <line num="73" count="0" type="stmt"/>
      <line num="74" count="0" type="stmt"/>
      <line num="82" count="0" type="stmt"/>
      <line num="83" count="0" type="stmt"/>
      <line num="85" count="0" type="stmt"/>
      <line num="94" count="0" type="stmt"/>
    </file>
  </project>
</coverage>
