{"/Users/kaushalchauhan/Desktop/Learning React/src/components/Body.js": {"path":"/Users/kaushalchauhan/Desktop/Learning React/src/components/Body.js","statementMap":{"0":{"start":{"line":7,"column":13},"end":{"line":109,"column":1}},"1":{"start":{"line":9,"column":50},"end":{"line":9,"column":62}},"2":{"start":{"line":10,"column":54},"end":{"line":10,"column":66}},"3":{"start":{"line":11,"column":38},"end":{"line":11,"column":50}},"4":{"start":{"line":13,"column":23},"end":{"line":13,"column":40}},"5":{"start":{"line":15,"column":23},"end":{"line":15,"column":55}},"6":{"start":{"line":17,"column":2},"end":{"line":19,"column":9}},"7":{"start":{"line":18,"column":4},"end":{"line":18,"column":16}},"8":{"start":{"line":21,"column":20},"end":{"line":35,"column":3}},"9":{"start":{"line":22,"column":17},"end":{"line":24,"column":5}},"10":{"start":{"line":25,"column":17},"end":{"line":25,"column":34}},"11":{"start":{"line":28,"column":6},"end":{"line":29,"column":21}},"12":{"start":{"line":30,"column":4},"end":{"line":30,"column":22}},"13":{"start":{"line":31,"column":4},"end":{"line":31,"column":33}},"14":{"start":{"line":32,"column":4},"end":{"line":32,"column":33}},"15":{"start":{"line":33,"column":4},"end":{"line":33,"column":35}},"16":{"start":{"line":34,"column":4},"end":{"line":34,"column":42}},"17":{"start":{"line":43,"column":2},"end":{"line":48,"column":6}},"18":{"start":{"line":44,"column":4},"end":{"line":48,"column":6}},"19":{"start":{"line":50,"column":2},"end":{"line":108,"column":4}},"20":{"start":{"line":61,"column":14},"end":{"line":61,"column":44}},"21":{"start":{"line":69,"column":14},"end":{"line":69,"column":38}},"22":{"start":{"line":70,"column":41},"end":{"line":72,"column":15}},"23":{"start":{"line":71,"column":16},"end":{"line":71,"column":78}},"24":{"start":{"line":73,"column":14},"end":{"line":73,"column":53}},"25":{"start":{"line":74,"column":14},"end":{"line":74,"column":56}},"26":{"start":{"line":82,"column":34},"end":{"line":84,"column":16}},"27":{"start":{"line":83,"column":16},"end":{"line":83,"column":48}},"28":{"start":{"line":85,"column":14},"end":{"line":85,"column":47}},"29":{"start":{"line":94,"column":10},"end":{"line":104,"column":17}}},"fnMap":{"0":{"name":"(anonymous_0)","decl":{"start":{"line":7,"column":13},"end":{"line":7,"column":14}},"loc":{"start":{"line":7,"column":19},"end":{"line":109,"column":1}},"line":7},"1":{"name":"(anonymous_1)","decl":{"start":{"line":17,"column":12},"end":{"line":17,"column":13}},"loc":{"start":{"line":17,"column":18},"end":{"line":19,"column":3}},"line":17},"2":{"name":"(anonymous_2)","decl":{"start":{"line":21,"column":20},"end":{"line":21,"column":21}},"loc":{"start":{"line":21,"column":32},"end":{"line":35,"column":3}},"line":21},"3":{"name":"(anonymous_3)","decl":{"start":{"line":60,"column":22},"end":{"line":60,"column":23}},"loc":{"start":{"line":60,"column":29},"end":{"line":62,"column":13}},"line":60},"4":{"name":"(anonymous_4)","decl":{"start":{"line":68,"column":21},"end":{"line":68,"column":22}},"loc":{"start":{"line":68,"column":27},"end":{"line":75,"column":13}},"line":68},"5":{"name":"(anonymous_5)","decl":{"start":{"line":70,"column":65},"end":{"line":70,"column":66}},"loc":{"start":{"line":71,"column":16},"end":{"line":71,"column":78}},"line":71},"6":{"name":"(anonymous_6)","decl":{"start":{"line":81,"column":21},"end":{"line":81,"column":22}},"loc":{"start":{"line":81,"column":27},"end":{"line":86,"column":13}},"line":81},"7":{"name":"(anonymous_7)","decl":{"start":{"line":82,"column":58},"end":{"line":82,"column":59}},"loc":{"start":{"line":82,"column":67},"end":{"line":84,"column":15}},"line":82},"8":{"name":"(anonymous_8)","decl":{"start":{"line":93,"column":32},"end":{"line":93,"column":33}},"loc":{"start":{"line":94,"column":10},"end":{"line":104,"column":17}},"line":94}},"branchMap":{"0":{"loc":{"start":{"line":43,"column":2},"end":{"line":48,"column":6}},"type":"if","locations":[{"start":{"line":43,"column":2},"end":{"line":48,"column":6}},{"start":{},"end":{}}],"line":43},"1":{"loc":{"start":{"line":50,"column":9},"end":{"line":108,"column":3}},"type":"cond-expr","locations":[{"start":{"line":51,"column":4},"end":{"line":51,"column":15}},{"start":{"line":53,"column":4},"end":{"line":107,"column":10}}],"line":50},"2":{"loc":{"start":{"line":99,"column":13},"end":{"line":103,"column":13}},"type":"cond-expr","locations":[{"start":{"line":100,"column":14},"end":{"line":100,"column":58}},{"start":{"line":102,"column":14},"end":{"line":102,"column":56}}],"line":99}},"s":{"0":1,"1":6,"2":5,"3":5,"4":5,"5":5,"6":5,"7":1,"8":5,"9":1,"10":1,"11":1,"12":1,"13":1,"14":1,"15":1,"16":1,"17":5,"18":0,"19":5,"20":0,"21":0,"22":0,"23":0,"24":0,"25":0,"26":0,"27":0,"28":0,"29":0},"f":{"0":6,"1":1,"2":1,"3":0,"4":0,"5":0,"6":0,"7":0,"8":0},"b":{"0":[0,5],"1":[1,0],"2":[0,0]},"_coverageSchema":"1a1c01bbd47fc00a2c39e90264f33305004495a9","hash":"8159c0cb0134e363d1a5464cfca6e7182ed3b0a4"}
}
