{"/Users/kaushalchauhan/Desktop/Learning React/src/components/Contact.js": {"path":"/Users/kaushalchauhan/Desktop/Learning React/src/components/Contact.js","statementMap":{"0":{"start":{"line":1,"column":16},"end":{"line":20,"column":1}},"1":{"start":{"line":2,"column":2},"end":{"line":19,"column":4}}},"fnMap":{"0":{"name":"(anonymous_0)","decl":{"start":{"line":1,"column":16},"end":{"line":1,"column":17}},"loc":{"start":{"line":1,"column":22},"end":{"line":20,"column":1}},"line":1}},"branchMap":{},"s":{"0":1,"1":3},"f":{"0":3},"b":{},"_coverageSchema":"1a1c01bbd47fc00a2c39e90264f33305004495a9","hash":"f05bbdf6ede15921756ebfb059e65d1736c8b57e"}
,"/Users/kaushalchauhan/Desktop/Learning React/src/components/Header.js": {"path":"/Users/kaushalchauhan/Desktop/Learning React/src/components/Header.js","statementMap":{"0":{"start":{"line":8,"column":15},"end":{"line":79,"column":1}},"1":{"start":{"line":9,"column":34},"end":{"line":9,"column":51}},"2":{"start":{"line":10,"column":23},"end":{"line":10,"column":40}},"3":{"start":{"line":14,"column":20},"end":{"line":14,"column":60}},"4":{"start":{"line":14,"column":43},"end":{"line":14,"column":59}},"5":{"start":{"line":15,"column":2},"end":{"line":15,"column":25}},"6":{"start":{"line":17,"column":27},"end":{"line":17,"column":50}},"7":{"start":{"line":18,"column":2},"end":{"line":78,"column":4}},"8":{"start":{"line":62,"column":14},"end":{"line":64,"column":39}}},"fnMap":{"0":{"name":"(anonymous_0)","decl":{"start":{"line":8,"column":15},"end":{"line":8,"column":16}},"loc":{"start":{"line":8,"column":21},"end":{"line":79,"column":1}},"line":8},"1":{"name":"(anonymous_1)","decl":{"start":{"line":14,"column":32},"end":{"line":14,"column":33}},"loc":{"start":{"line":14,"column":43},"end":{"line":14,"column":59}},"line":14},"2":{"name":"(anonymous_2)","decl":{"start":{"line":61,"column":21},"end":{"line":61,"column":22}},"loc":{"start":{"line":61,"column":27},"end":{"line":65,"column":13}},"line":61}},"branchMap":{"0":{"loc":{"start":{"line":29,"column":24},"end":{"line":29,"column":68}},"type":"cond-expr","locations":[{"start":{"line":29,"column":39},"end":{"line":29,"column":51}},{"start":{"line":29,"column":54},"end":{"line":29,"column":68}}],"line":29},"1":{"loc":{"start":{"line":62,"column":14},"end":{"line":64,"column":38}},"type":"cond-expr","locations":[{"start":{"line":63,"column":18},"end":{"line":63,"column":39}},{"start":{"line":64,"column":18},"end":{"line":64,"column":38}}],"line":62}},"s":{"0":1,"1":4,"2":4,"3":4,"4":7,"5":4,"6":4,"7":4,"8":1},"f":{"0":4,"1":7,"2":1},"b":{"0":[4,0],"1":[1,0]},"_coverageSchema":"1a1c01bbd47fc00a2c39e90264f33305004495a9","hash":"e4d56d40781d82a0c8b556ef9a0f90a57bb7c18b"}
,"/Users/kaushalchauhan/Desktop/Learning React/src/components/RestaurantCard.js": {"path":"/Users/kaushalchauhan/Desktop/Learning React/src/components/RestaurantCard.js","statementMap":{"0":{"start":{"line":2,"column":23},"end":{"line":25,"column":1}},"1":{"start":{"line":3,"column":22},"end":{"line":3,"column":27}},"2":{"start":{"line":4,"column":2},"end":{"line":4,"column":23}},"3":{"start":{"line":6,"column":4},"end":{"line":6,"column":11}},"4":{"start":{"line":7,"column":2},"end":{"line":24,"column":4}},"5":{"start":{"line":28,"column":18},"end":{"line":30,"column":1}},"6":{"start":{"line":32,"column":32},"end":{"line":43,"column":1}},"7":{"start":{"line":33,"column":2},"end":{"line":42,"column":4}},"8":{"start":{"line":34,"column":4},"end":{"line":41,"column":6}}},"fnMap":{"0":{"name":"(anonymous_0)","decl":{"start":{"line":2,"column":23},"end":{"line":2,"column":24}},"loc":{"start":{"line":2,"column":34},"end":{"line":25,"column":1}},"line":2},"1":{"name":"(anonymous_1)","decl":{"start":{"line":32,"column":32},"end":{"line":32,"column":33}},"loc":{"start":{"line":32,"column":52},"end":{"line":43,"column":1}},"line":32},"2":{"name":"(anonymous_2)","decl":{"start":{"line":33,"column":9},"end":{"line":33,"column":10}},"loc":{"start":{"line":33,"column":20},"end":{"line":42,"column":3}},"line":33}},"branchMap":{},"s":{"0":1,"1":1,"2":1,"3":1,"4":1,"5":1,"6":1,"7":0,"8":0},"f":{"0":1,"1":0,"2":0},"b":{},"_coverageSchema":"1a1c01bbd47fc00a2c39e90264f33305004495a9","hash":"9fc5c43fe8655a53047eb7d697f55ada332b3dd3"}
,"/Users/kaushalchauhan/Desktop/Learning React/src/components/sum.js": {"path":"/Users/kaushalchauhan/Desktop/Learning React/src/components/sum.js","statementMap":{"0":{"start":{"line":1,"column":19},"end":{"line":3,"column":1}},"1":{"start":{"line":2,"column":2},"end":{"line":2,"column":15}}},"fnMap":{"0":{"name":"(anonymous_0)","decl":{"start":{"line":1,"column":19},"end":{"line":1,"column":20}},"loc":{"start":{"line":1,"column":29},"end":{"line":3,"column":1}},"line":1}},"branchMap":{},"s":{"0":1,"1":1},"f":{"0":1},"b":{},"_coverageSchema":"1a1c01bbd47fc00a2c39e90264f33305004495a9","hash":"bc7014a7d1a4d8ffd9018dd1d775efb64531dcad"}
,"/Users/kaushalchauhan/Desktop/Learning React/src/utils/UserContext.js": {"path":"/Users/kaushalchauhan/Desktop/Learning React/src/utils/UserContext.js","statementMap":{"0":{"start":{"line":3,"column":20},"end":{"line":5,"column":2}}},"fnMap":{},"branchMap":{},"s":{"0":1},"f":{},"b":{},"_coverageSchema":"1a1c01bbd47fc00a2c39e90264f33305004495a9","hash":"174696e1f23758f6b6fa821ed84b21c16d130c44"}
,"/Users/kaushalchauhan/Desktop/Learning React/src/utils/appStore.js": {"path":"/Users/kaushalchauhan/Desktop/Learning React/src/utils/appStore.js","statementMap":{"0":{"start":{"line":4,"column":17},"end":{"line":8,"column":2}}},"fnMap":{},"branchMap":{},"s":{"0":1},"f":{},"b":{},"_coverageSchema":"1a1c01bbd47fc00a2c39e90264f33305004495a9","hash":"4389e08cb7804a0685943843f46e2af00360091f"}
,"/Users/kaushalchauhan/Desktop/Learning React/src/utils/constants.js": {"path":"/Users/kaushalchauhan/Desktop/Learning React/src/utils/constants.js","statementMap":{"0":{"start":{"line":2,"column":2},"end":{"line":2,"column":85}},"1":{"start":{"line":4,"column":2},"end":{"line":4,"column":110}},"2":{"start":{"line":6,"column":2},"end":{"line":6,"column":132}}},"fnMap":{},"branchMap":{},"s":{"0":2,"1":2,"2":2},"f":{},"b":{},"_coverageSchema":"1a1c01bbd47fc00a2c39e90264f33305004495a9","hash":"97ec8fee21208619db0d91b8dd4fbe3c80f5ee8a"}
,"/Users/kaushalchauhan/Desktop/Learning React/src/utils/useOnlineStatus.js": {"path":"/Users/kaushalchauhan/Desktop/Learning React/src/utils/useOnlineStatus.js","statementMap":{"0":{"start":{"line":3,"column":24},"end":{"line":16,"column":1}},"1":{"start":{"line":4,"column":42},"end":{"line":4,"column":56}},"2":{"start":{"line":6,"column":2},"end":{"line":13,"column":9}},"3":{"start":{"line":7,"column":4},"end":{"line":9,"column":7}},"4":{"start":{"line":8,"column":6},"end":{"line":8,"column":29}},"5":{"start":{"line":10,"column":4},"end":{"line":12,"column":7}},"6":{"start":{"line":11,"column":6},"end":{"line":11,"column":28}},"7":{"start":{"line":15,"column":2},"end":{"line":15,"column":22}}},"fnMap":{"0":{"name":"(anonymous_0)","decl":{"start":{"line":3,"column":24},"end":{"line":3,"column":25}},"loc":{"start":{"line":3,"column":30},"end":{"line":16,"column":1}},"line":3},"1":{"name":"(anonymous_1)","decl":{"start":{"line":6,"column":12},"end":{"line":6,"column":13}},"loc":{"start":{"line":6,"column":18},"end":{"line":13,"column":3}},"line":6},"2":{"name":"(anonymous_2)","decl":{"start":{"line":7,"column":39},"end":{"line":7,"column":40}},"loc":{"start":{"line":7,"column":45},"end":{"line":9,"column":5}},"line":7},"3":{"name":"(anonymous_3)","decl":{"start":{"line":10,"column":38},"end":{"line":10,"column":39}},"loc":{"start":{"line":10,"column":44},"end":{"line":12,"column":5}},"line":10}},"branchMap":{},"s":{"0":1,"1":4,"2":4,"3":3,"4":0,"5":3,"6":0,"7":4},"f":{"0":4,"1":3,"2":0,"3":0},"b":{},"_coverageSchema":"1a1c01bbd47fc00a2c39e90264f33305004495a9","hash":"1cbb399c29a468114710b81193a13b2a1d39ceae"}
,"/Users/kaushalchauhan/Desktop/Learning React/src/utils/slices/cartSlice.js": {"path":"/Users/kaushalchauhan/Desktop/Learning React/src/utils/slices/cartSlice.js","statementMap":{"0":{"start":{"line":3,"column":18},"end":{"line":28,"column":2}},"1":{"start":{"line":16,"column":6},"end":{"line":16,"column":39}},"2":{"start":{"line":19,"column":6},"end":{"line":19,"column":38}},"3":{"start":{"line":24,"column":6},"end":{"line":24,"column":29}},"4":{"start":{"line":30,"column":50},"end":{"line":30,"column":67}}},"fnMap":{"0":{"name":"(anonymous_0)","decl":{"start":{"line":15,"column":13},"end":{"line":15,"column":14}},"loc":{"start":{"line":15,"column":32},"end":{"line":17,"column":5}},"line":15},"1":{"name":"(anonymous_1)","decl":{"start":{"line":18,"column":16},"end":{"line":18,"column":17}},"loc":{"start":{"line":18,"column":35},"end":{"line":20,"column":5}},"line":18},"2":{"name":"(anonymous_2)","decl":{"start":{"line":23,"column":15},"end":{"line":23,"column":16}},"loc":{"start":{"line":23,"column":26},"end":{"line":26,"column":5}},"line":23}},"branchMap":{},"s":{"0":1,"1":0,"2":0,"3":0,"4":1},"f":{"0":0,"1":0,"2":0},"b":{},"_coverageSchema":"1a1c01bbd47fc00a2c39e90264f33305004495a9","hash":"b79d8a7c6290840751d8aea440dd1cb823c9c7ce"}
}
