TN:
SF:src/components/Body.js
FN:7,(anonymous_0)
FN:17,(anonymous_1)
FN:21,(anonymous_2)
FN:60,(anonymous_3)
FN:68,(anonymous_4)
FN:70,(anonymous_5)
FN:81,(anonymous_6)
FN:82,(anonymous_7)
FN:93,(anonymous_8)
FNF:9
FNH:3
FNDA:6,(anonymous_0)
FNDA:1,(anonymous_1)
FNDA:1,(anonymous_2)
FNDA:0,(anonymous_3)
FNDA:0,(anonymous_4)
FNDA:0,(anonymous_5)
FNDA:0,(anonymous_6)
FNDA:0,(anonymous_7)
FNDA:0,(anonymous_8)
DA:7,1
DA:9,6
DA:10,5
DA:11,5
DA:13,5
DA:15,5
DA:17,5
DA:18,1
DA:21,5
DA:22,1
DA:25,1
DA:28,1
DA:30,1
DA:31,1
DA:32,1
DA:33,1
DA:34,1
DA:43,5
DA:44,0
DA:50,5
DA:61,0
DA:69,0
DA:70,0
DA:71,0
DA:73,0
DA:74,0
DA:82,0
DA:83,0
DA:85,0
DA:94,0
LF:30
LH:19
BRDA:43,0,0,0
BRDA:43,0,1,5
BRDA:50,1,0,1
BRDA:50,1,1,0
BRDA:99,2,0,0
BRDA:99,2,1,0
BRF:6
BRH:2
end_of_record
